<?xml version="1.0" encoding="UTF-8"?>
<testsuite name="com.example.surveysdk.ExampleUnitTest" tests="1" skipped="0" failures="0" errors="0" timestamp="2025-10-17T13:33:26" hostname="C4F_MD" time="0.007">
  <properties/>
  <testcase name="addition_isCorrect" classname="com.example.surveysdk.ExampleUnitTest" time="0.007"/>
  <system-out><![CDATA[]]></system-out>
  <system-err><![CDATA[]]></system-err>
</testsuite>
